Using pre-set license
Built from '2021.3/staging' branch; Version is '2021.3.18f1 (3129e69bc0c7) revision 3221990'; Using compiler version '192829333'; Build Type 'Release'
OS: 'Windows 10  (10.0.19044) 64bit Core' Language: 'en' Physical Memory: 16314 MB
BatchMode: 1, IsHumanControllingUs: 0, StartBugReporterOnCrash: 0, Is64bit: 1, IsPro: 1

COMMAND LINE ARGUMENTS:
C:\Program Files\Unity\Hub\Editor\2021.3.18f1\Editor\Unity.exe
-adb2
-batchMode
-noUpm
-name
AssetImportWorker3
-projectPath
C:/Users/Beks/assignment_2_car
-logFile
Logs/AssetImportWorker3.log
-srvPort
55294
Successfully changed project path to: C:/Users/Beks/assignment_2_car
C:/Users/Beks/assignment_2_car
[UnityMemory] Configuration Parameters - Can be set up in boot.config
    "memorysetup-bucket-allocator-granularity=16"
    "memorysetup-bucket-allocator-bucket-count=8"
    "memorysetup-bucket-allocator-block-size=33554432"
    "memorysetup-bucket-allocator-block-count=8"
    "memorysetup-main-allocator-block-size=16777216"
    "memorysetup-thread-allocator-block-size=16777216"
    "memorysetup-gfx-main-allocator-block-size=16777216"
    "memorysetup-gfx-thread-allocator-block-size=16777216"
    "memorysetup-cache-allocator-block-size=4194304"
    "memorysetup-typetree-allocator-block-size=2097152"
    "memorysetup-profiler-bucket-allocator-granularity=16"
    "memorysetup-profiler-bucket-allocator-bucket-count=8"
    "memorysetup-profiler-bucket-allocator-block-size=33554432"
    "memorysetup-profiler-bucket-allocator-block-count=8"
    "memorysetup-profiler-allocator-block-size=16777216"
    "memorysetup-profiler-editor-allocator-block-size=1048576"
    "memorysetup-temp-allocator-size-main=16777216"
    "memorysetup-job-temp-allocator-block-size=2097152"
    "memorysetup-job-temp-allocator-block-size-background=1048576"
    "memorysetup-job-temp-allocator-reduction-small-platforms=262144"
    "memorysetup-temp-allocator-size-background-worker=32768"
    "memorysetup-temp-allocator-size-job-worker=262144"
    "memorysetup-temp-allocator-size-preload-manager=33554432"
    "memorysetup-temp-allocator-size-nav-mesh-worker=65536"
    "memorysetup-temp-allocator-size-audio-worker=65536"
    "memorysetup-temp-allocator-size-cloud-worker=32768"
    "memorysetup-temp-allocator-size-gi-baking-worker=262144"
    "memorysetup-temp-allocator-size-gfx=262144"
Player connection [6308] Host "[IP] 10.0.0.23 [Port] 0 [Flags] 2 [Guid] 1384195579 [EditorId] 1384195579 [Version] 1048832 [Id] WindowsEditor(7,DESKTOP-TSVPNDD) [Debug] 1 [PackageName] WindowsEditor [ProjectName] Editor" joined multi-casting on [225.0.0.222:54997]...

Player connection [6308] Host "[IP] 10.0.0.23 [Port] 0 [Flags] 2 [Guid] 1384195579 [EditorId] 1384195579 [Version] 1048832 [Id] WindowsEditor(7,DESKTOP-TSVPNDD) [Debug] 1 [PackageName] WindowsEditor [ProjectName] Editor" joined alternative multi-casting on [225.0.0.222:34997]...

Refreshing native plugins compatible for Editor in 142.99 ms, found 10 plugins.
Preloading 0 native plugins for Editor in 0.00 ms.
Initialize engine version: 2021.3.18f1 (3129e69bc0c7)
[Subsystems] Discovering subsystems at path C:/Program Files/Unity/Hub/Editor/2021.3.18f1/Editor/Data/Resources/UnitySubsystems
[Subsystems] Discovering subsystems at path C:/Users/Beks/assignment_2_car/Assets
GfxDevice: creating device client; threaded=0; jobified=0
Direct3D:
    Version:  Direct3D 11.0 [level 11.1]
    Renderer: Radeon RX 580 Series (ID=0x67df)
    Vendor:   ATI
    VRAM:     4074 MB
    Driver:   31.0.12027.7000
Initialize mono
Mono path[0] = 'C:/Program Files/Unity/Hub/Editor/2021.3.18f1/Editor/Data/Managed'
Mono path[1] = 'C:/Program Files/Unity/Hub/Editor/2021.3.18f1/Editor/Data/MonoBleedingEdge/lib/mono/unityjit-win32'
Mono config path = 'C:/Program Files/Unity/Hub/Editor/2021.3.18f1/Editor/Data/MonoBleedingEdge/etc'
Using monoOptions --debugger-agent=transport=dt_socket,embedding=1,server=y,suspend=n,address=127.0.0.1:56952
Begin MonoManager ReloadAssembly
Registering precompiled unity dll's ...
Register platform support module: C:/Program Files/Unity/Hub/Editor/2021.3.18f1/Editor/Data/PlaybackEngines/AndroidPlayer/UnityEditor.Android.Extensions.dll
Register platform support module: C:/Program Files/Unity/Hub/Editor/2021.3.18f1/Editor/Data/PlaybackEngines/WindowsStandaloneSupport/UnityEditor.WindowsStandalone.Extensions.dll
Registered in 0.012755 seconds.
Native extension for WindowsStandalone target not found
Native extension for Android target not found
Android Extension - Scanning For ADB Devices 390 ms
Refreshing native plugins compatible for Editor in 132.41 ms, found 10 plugins.
Preloading 0 native plugins for Editor in 0.00 ms.
Mono: successfully reloaded assembly
- Completed reload, in  1.242 seconds
Domain Reload Profiling:
	ReloadAssembly (1243ms)
		BeginReloadAssembly (96ms)
			ExecutionOrderSort (0ms)
			DisableScriptedObjects (0ms)
			BackupInstance (0ms)
			ReleaseScriptingObjects (0ms)
			CreateAndSetChildDomain (1ms)
		EndReloadAssembly (1002ms)
			LoadAssemblies (93ms)
			RebuildTransferFunctionScriptingTraits (0ms)
			SetupTypeCache (132ms)
			ReleaseScriptCaches (0ms)
			RebuildScriptCaches (32ms)
			SetupLoadedEditorAssemblies (767ms)
				LogAssemblyErrors (0ms)
				InitializePlatformSupportModulesInManaged (474ms)
				SetLoadedEditorAssemblies (0ms)
				RefreshPlugins (133ms)
				BeforeProcessingInitializeOnLoad (1ms)
				ProcessInitializeOnLoadAttributes (100ms)
				ProcessInitializeOnLoadMethodAttributes (59ms)
				AfterProcessingInitializeOnLoad (0ms)
				EditorAssembliesLoaded (0ms)
			ExecutionOrderSort2 (0ms)
			AwakeInstancesAfterBackupRestoration (0ms)
Platform modules already initialized, skipping
Registering precompiled user dll's ...
Registered in 0.014926 seconds.
Begin MonoManager ReloadAssembly
Symbol file LoadedFromMemory doesn't match image C:\Users\Beks\assignment_2_car\Library\PackageCache\com.unity.visualscripting@1.8.0\Editor\VisualScripting.Core\Dependencies\DotNetZip\Unity.VisualScripting.IonicZip.dll
Symbol file LoadedFromMemory doesn't match image C:\Users\Beks\assignment_2_car\Library\PackageCache\com.unity.visualscripting@1.8.0\Editor\VisualScripting.Core\Dependencies\YamlDotNet\Unity.VisualScripting.YamlDotNet.dll
Native extension for WindowsStandalone target not found
Native extension for Android target not found
Refreshing native plugins compatible for Editor in 121.85 ms, found 10 plugins.
Preloading 0 native plugins for Editor in 0.00 ms.
Package Manager log level set to [2]
Mono: successfully reloaded assembly
- Completed reload, in  4.265 seconds
Domain Reload Profiling:
	ReloadAssembly (4266ms)
		BeginReloadAssembly (141ms)
			ExecutionOrderSort (0ms)
			DisableScriptedObjects (7ms)
			BackupInstance (0ms)
			ReleaseScriptingObjects (0ms)
			CreateAndSetChildDomain (23ms)
		EndReloadAssembly (3968ms)
			LoadAssemblies (2817ms)
			RebuildTransferFunctionScriptingTraits (0ms)
			SetupTypeCache (368ms)
			ReleaseScriptCaches (1ms)
			RebuildScriptCaches (72ms)
			SetupLoadedEditorAssemblies (652ms)
				LogAssemblyErrors (0ms)
				InitializePlatformSupportModulesInManaged (22ms)
				SetLoadedEditorAssemblies (0ms)
				RefreshPlugins (122ms)
				BeforeProcessingInitializeOnLoad (156ms)
				ProcessInitializeOnLoadAttributes (314ms)
				ProcessInitializeOnLoadMethodAttributes (24ms)
				AfterProcessingInitializeOnLoad (14ms)
				EditorAssembliesLoaded (0ms)
			ExecutionOrderSort2 (0ms)
			AwakeInstancesAfterBackupRestoration (8ms)
Platform modules already initialized, skipping
========================================================================
Worker process is ready to serve import requests
Launched and connected shader compiler UnityShaderCompiler.exe after 0.06 seconds
Refreshing native plugins compatible for Editor in 1.04 ms, found 10 plugins.
Preloading 0 native plugins for Editor in 0.00 ms.
Unloading 4247 Unused Serialized files (Serialized files now loaded: 0)
Unloading 54 unused Assets / (163.2 KB). Loaded Objects now: 4685.
Memory consumption went from 147.9 MB to 147.7 MB.
Total: 4.061100 ms (FindLiveObjects: 0.404600 ms CreateObjectMapping: 0.109300 ms MarkObjects: 3.360300 ms  DeleteObjects: 0.185600 ms)

AssetImportParameters requested are different than current active one (requested -> active):
  custom:video-decoder-ogg-theora: a1e56fd34408186e4bbccfd4996cb3dc -> 
  custom:container-muxer-webm: aa71ff27fc2769a1b78a27578f13a17b -> 
  custom:container-demuxer-webm: 4f35f7cbe854078d1ac9338744f61a02 -> 
  custom:video-encoder-webm-vp8: eb34c28f22e8b96e1ab97ce403110664 -> 
  custom:audio-encoder-webm-vorbis: bf7c407c2cedff20999df2af8eb42d56 -> 
  custom:framework-win-MediaFoundation: 216162199b28c13a410421893ffa2e32 -> 
  custom:container-demuxer-ogg: 62fdf1f143b41e24485cea50d1cbac27 -> 
  custom:video-decoder-webm-vp8: 9c59270c3fd7afecdb556c50c9e8de78 -> 
  custom:audio-decoder-ogg-vorbis: bf7c407c2cedff20999df2af8eb42d56 -> 
========================================================================
Received Import Request.
  Time since last request: 18650.901468 seconds.
  path: Assets/ExampleAssets/Models/cube.fbx
  artifactKey: Guid(de4da3906a001624fabcc7838ddf2eb4) Importer(815301076,1909f56bfc062723c751e8b465ee728b)
Start importing Assets/ExampleAssets/Models/cube.fbx using Guid(de4da3906a001624fabcc7838ddf2eb4) Importer(815301076,1909f56bfc062723c751e8b465ee728b)  -> (artifact id: '4b5ef5f74c74e3a339f620dfc98653e1') in 0.542492 seconds 
========================================================================
Received Import Request.
  Time since last request: 0.000042 seconds.
  path: Assets/Starter Package/Package Prefab.prefab
  artifactKey: Guid(173685bc93484464b88d9f788d582359) Importer(815301076,1909f56bfc062723c751e8b465ee728b)
Start importing Assets/Starter Package/Package Prefab.prefab using Guid(173685bc93484464b88d9f788d582359) Importer(815301076,1909f56bfc062723c751e8b465ee728b)  -> (artifact id: '7da519d1e4e4f794e678a6dfda438ed0') in 0.025125 seconds 
========================================================================
Received Prepare
Refreshing native plugins compatible for Editor in 13.98 ms, found 10 plugins.
Preloading 0 native plugins for Editor in 0.00 ms.
Unloading 44 Unused Serialized files (Serialized files now loaded: 0)
Unloading 43 unused Assets / (109.6 KB). Loaded Objects now: 4731.
Memory consumption went from 67.6 MB to 67.5 MB.
Total: 4.234200 ms (FindLiveObjects: 0.398800 ms CreateObjectMapping: 0.114500 ms MarkObjects: 3.588300 ms  DeleteObjects: 0.131200 ms)

AssetImportParameters requested are different than current active one (requested -> active):
  custom:video-decoder-ogg-theora: a1e56fd34408186e4bbccfd4996cb3dc -> 
  custom:container-muxer-webm: aa71ff27fc2769a1b78a27578f13a17b -> 
  custom:container-demuxer-webm: 4f35f7cbe854078d1ac9338744f61a02 -> 
  custom:video-encoder-webm-vp8: eb34c28f22e8b96e1ab97ce403110664 -> 
  custom:audio-encoder-webm-vorbis: bf7c407c2cedff20999df2af8eb42d56 -> 
  custom:framework-win-MediaFoundation: 216162199b28c13a410421893ffa2e32 -> 
  custom:container-demuxer-ogg: 62fdf1f143b41e24485cea50d1cbac27 -> 
  custom:video-decoder-webm-vp8: 9c59270c3fd7afecdb556c50c9e8de78 -> 
  custom:audio-decoder-ogg-vorbis: bf7c407c2cedff20999df2af8eb42d56 -> 
========================================================================
Received Import Request.
  Time since last request: 159.530469 seconds.
  path: Assets/Starter Package
  artifactKey: Guid(30300e3400a9a4b1991fde0af9639ee3) Importer(815301076,1909f56bfc062723c751e8b465ee728b)
Start importing Assets/Starter Package using Guid(30300e3400a9a4b1991fde0af9639ee3) Importer(815301076,1909f56bfc062723c751e8b465ee728b)  -> (artifact id: 'fa64f95d3ad6cafb5524b9d22c8cf54c') in 0.006502 seconds 
========================================================================
Received Import Request.
  Time since last request: 0.952343 seconds.
  path: Assets/Starter Package/Car Texture.png
  artifactKey: Guid(91a68de3235c046de8922c4012eba8cf) Importer(815301076,1909f56bfc062723c751e8b465ee728b)
Start importing Assets/Starter Package/Car Texture.png using Guid(91a68de3235c046de8922c4012eba8cf) Importer(815301076,1909f56bfc062723c751e8b465ee728b)  -> (artifact id: 'c07054dec06174771f7b21de8be8d892') in 0.041723 seconds 
========================================================================
Received Import Request.
  Time since last request: 0.000030 seconds.
  path: Assets/Starter Package/Reticle Model.fbx
  artifactKey: Guid(c089bc0a1202749f5b9e3ddd3fe5b371) Importer(815301076,1909f56bfc062723c751e8b465ee728b)
Start importing Assets/Starter Package/Reticle Model.fbx using Guid(c089bc0a1202749f5b9e3ddd3fe5b371) Importer(815301076,1909f56bfc062723c751e8b465ee728b)  -> (artifact id: 'a43537b43bab9faf944c5dbbbaf32f0f') in 0.068483 seconds 
========================================================================
Received Import Request.
  Time since last request: 0.000027 seconds.
  path: Assets/Starter Package/Package Texture.png
  artifactKey: Guid(84781284b3a0d459f8b18c9c76f60473) Importer(815301076,1909f56bfc062723c751e8b465ee728b)
Start importing Assets/Starter Package/Package Texture.png using Guid(84781284b3a0d459f8b18c9c76f60473) Importer(815301076,1909f56bfc062723c751e8b465ee728b)  -> (artifact id: '7d7e8e2a66dd8773cf902eb2b4ed850b') in 0.013087 seconds 
========================================================================
Received Import Request.
  Time since last request: 0.000041 seconds.
  path: Assets/Starter Package/Reticle Prefab.prefab
  artifactKey: Guid(c0ffd6e32415c45f59e277fe7314020d) Importer(815301076,1909f56bfc062723c751e8b465ee728b)
Start importing Assets/Starter Package/Reticle Prefab.prefab using Guid(c0ffd6e32415c45f59e277fe7314020d) Importer(815301076,1909f56bfc062723c751e8b465ee728b)  -> (artifact id: 'd75754e0b424f7d37d7c09043b0eddda') in 0.018152 seconds 
========================================================================
Received Prepare
Refreshing native plugins compatible for Editor in 14.53 ms, found 10 plugins.
Preloading 0 native plugins for Editor in 0.00 ms.
Unloading 43 Unused Serialized files (Serialized files now loaded: 0)
Unloading 43 unused Assets / (109.6 KB). Loaded Objects now: 4734.
Memory consumption went from 67.6 MB to 67.5 MB.
Total: 5.631800 ms (FindLiveObjects: 0.411700 ms CreateObjectMapping: 0.113600 ms MarkObjects: 4.973500 ms  DeleteObjects: 0.131800 ms)

AssetImportParameters requested are different than current active one (requested -> active):
  custom:video-decoder-ogg-theora: a1e56fd34408186e4bbccfd4996cb3dc -> 
  custom:container-muxer-webm: aa71ff27fc2769a1b78a27578f13a17b -> 
  custom:container-demuxer-webm: 4f35f7cbe854078d1ac9338744f61a02 -> 
  custom:video-encoder-webm-vp8: eb34c28f22e8b96e1ab97ce403110664 -> 
  custom:audio-encoder-webm-vorbis: bf7c407c2cedff20999df2af8eb42d56 -> 
  custom:framework-win-MediaFoundation: 216162199b28c13a410421893ffa2e32 -> 
  custom:container-demuxer-ogg: 62fdf1f143b41e24485cea50d1cbac27 -> 
  custom:video-decoder-webm-vp8: 9c59270c3fd7afecdb556c50c9e8de78 -> 
  custom:audio-decoder-ogg-vorbis: bf7c407c2cedff20999df2af8eb42d56 -> 
Editor requested this worker to shutdown with reason: Scaling down because of idle timeout
AssetImportWorker is now disconnected from the server
Process exiting
Exiting without the bug reporter. Application will terminate with return code 0